[debug] [2020-07-21T08:04:51.352Z] ----------------------------------------------------------------------
[debug] [2020-07-21T08:04:51.354Z] Command:       C:\Program Files\nodejs\node.exe C:\Users\andre\AppData\Roaming\npm\node_modules\firebase-tools\lib\bin\firebase.js init
[debug] [2020-07-21T08:04:51.354Z] CLI Version:   7.5.0
[debug] [2020-07-21T08:04:51.354Z] Platform:      win32
[debug] [2020-07-21T08:04:51.354Z] Node Version:  v10.16.3
[debug] [2020-07-21T08:04:51.355Z] Time:          Tue Jul 21 2020 04:04:51 GMT-0400 (Eastern Daylight Time)
[debug] [2020-07-21T08:04:51.355Z] ----------------------------------------------------------------------
[debug] 
[debug] [2020-07-21T08:04:51.360Z] > command requires scopes: ["email","openid","https://www.googleapis.com/auth/cloudplatformprojects.readonly","https://www.googleapis.com/auth/firebase","https://www.googleapis.com/auth/cloud-platform"]
[debug] [2020-07-21T08:04:51.361Z] > authorizing via signed-in user
[info] 
     ######## #### ########  ######## ########     ###     ######  ########
     ##        ##  ##     ## ##       ##     ##  ##   ##  ##       ##
     ######    ##  ########  ######   ########  #########  ######  ######
     ##        ##  ##    ##  ##       ##     ## ##     ##       ## ##
     ##       #### ##     ## ######## ########  ##     ##  ######  ########

You're about to initialize a Firebase project in this directory:

  C:\Users\andre\Documents\Development\br8ed.design\billssignsbulma

Before we get started, keep in mind:

  * You are initializing in an existing Firebase project directory

